Copyright 1986-2016 Xilinx, Inc. All Rights Reserved.
---------------------------------------------------------------------------------------------------------------------------------------------------------
| Tool Version : Vivado v.2016.2 (lin64) Build 1577090 Thu Jun  2 16:32:35 MDT 2016
| Date         : Sat Feb 25 16:17:18 2017
| Host         : strawberrylin-X550JK running 64-bit Ubuntu 16.04.2 LTS
| Command      : report_timing_summary -warn_on_violation -max_paths 10 -file MIPS_CPU_timing_summary_routed.rpt -rpx MIPS_CPU_timing_summary_routed.rpx
| Design       : MIPS_CPU
| Device       : 7a100t-csg324
| Speed File   : -1  PRODUCTION 1.14 2014-09-11
---------------------------------------------------------------------------------------------------------------------------------------------------------

Timing Summary Report

------------------------------------------------------------------------------------------------
| Timer Settings
| --------------
------------------------------------------------------------------------------------------------

  Enable Multi Corner Analysis               :  Yes
  Enable Pessimism Removal                   :  Yes
  Pessimism Removal Resolution               :  Nearest Common Node
  Enable Input Delay Default Clock           :  No
  Enable Preset / Clear Arcs                 :  No
  Disable Flight Delays                      :  No
  Ignore I/O Paths                           :  No
  Timing Early Launch at Borrowing Latches   :  false

  Corner  Analyze    Analyze    
  Name    Max Paths  Min Paths  
  ------  ---------  ---------  
  Slow    Yes        Yes        
  Fast    Yes        Yes        



check_timing report

Table of Contents
-----------------
1. checking no_clock
2. checking constant_clock
3. checking pulse_width_clock
4. checking unconstrained_internal_endpoints
5. checking no_input_delay
6. checking no_output_delay
7. checking multiple_clock
8. checking generated_clocks
9. checking loops
10. checking partial_input_delay
11. checking partial_output_delay
12. checking latch_loops

1. checking no_clock
--------------------
 There are 56 register/latch pins with no clock driven by root clock pin: CLK (HIGH)

 There are 28 register/latch pins with no clock driven by root clock pin: power (HIGH)

 There are 3 register/latch pins with no clock driven by root clock pin: LED/DUTS/dclk_reg/C (HIGH)

 There is 1 register/latch pin with no clock driven by root clock pin: MEMWB1/sys_b_out_reg/C (HIGH)

 There is 1 register/latch pin with no clock driven by root clock pin: REGFILE1/regfile_reg[2][0]/C (HIGH)

 There is 1 register/latch pin with no clock driven by root clock pin: REGFILE1/regfile_reg[2][10]/C (HIGH)

 There is 1 register/latch pin with no clock driven by root clock pin: REGFILE1/regfile_reg[2][11]/C (HIGH)

 There is 1 register/latch pin with no clock driven by root clock pin: REGFILE1/regfile_reg[2][12]/C (HIGH)

 There is 1 register/latch pin with no clock driven by root clock pin: REGFILE1/regfile_reg[2][13]/C (HIGH)

 There is 1 register/latch pin with no clock driven by root clock pin: REGFILE1/regfile_reg[2][14]/C (HIGH)

 There is 1 register/latch pin with no clock driven by root clock pin: REGFILE1/regfile_reg[2][15]/C (HIGH)

 There is 1 register/latch pin with no clock driven by root clock pin: REGFILE1/regfile_reg[2][16]/C (HIGH)

 There is 1 register/latch pin with no clock driven by root clock pin: REGFILE1/regfile_reg[2][17]/C (HIGH)

 There is 1 register/latch pin with no clock driven by root clock pin: REGFILE1/regfile_reg[2][18]/C (HIGH)

 There is 1 register/latch pin with no clock driven by root clock pin: REGFILE1/regfile_reg[2][19]/C (HIGH)

 There is 1 register/latch pin with no clock driven by root clock pin: REGFILE1/regfile_reg[2][1]/C (HIGH)

 There is 1 register/latch pin with no clock driven by root clock pin: REGFILE1/regfile_reg[2][20]/C (HIGH)

 There is 1 register/latch pin with no clock driven by root clock pin: REGFILE1/regfile_reg[2][21]/C (HIGH)

 There is 1 register/latch pin with no clock driven by root clock pin: REGFILE1/regfile_reg[2][22]/C (HIGH)

 There is 1 register/latch pin with no clock driven by root clock pin: REGFILE1/regfile_reg[2][23]/C (HIGH)

 There is 1 register/latch pin with no clock driven by root clock pin: REGFILE1/regfile_reg[2][24]/C (HIGH)

 There is 1 register/latch pin with no clock driven by root clock pin: REGFILE1/regfile_reg[2][25]/C (HIGH)

 There is 1 register/latch pin with no clock driven by root clock pin: REGFILE1/regfile_reg[2][26]/C (HIGH)

 There is 1 register/latch pin with no clock driven by root clock pin: REGFILE1/regfile_reg[2][27]/C (HIGH)

 There is 1 register/latch pin with no clock driven by root clock pin: REGFILE1/regfile_reg[2][28]/C (HIGH)

 There is 1 register/latch pin with no clock driven by root clock pin: REGFILE1/regfile_reg[2][29]/C (HIGH)

 There is 1 register/latch pin with no clock driven by root clock pin: REGFILE1/regfile_reg[2][2]/C (HIGH)

 There is 1 register/latch pin with no clock driven by root clock pin: REGFILE1/regfile_reg[2][30]/C (HIGH)

 There is 1 register/latch pin with no clock driven by root clock pin: REGFILE1/regfile_reg[2][31]/C (HIGH)

 There is 1 register/latch pin with no clock driven by root clock pin: REGFILE1/regfile_reg[2][3]/C (HIGH)

 There is 1 register/latch pin with no clock driven by root clock pin: REGFILE1/regfile_reg[2][4]/C (HIGH)

 There is 1 register/latch pin with no clock driven by root clock pin: REGFILE1/regfile_reg[2][5]/C (HIGH)

 There is 1 register/latch pin with no clock driven by root clock pin: REGFILE1/regfile_reg[2][6]/C (HIGH)

 There is 1 register/latch pin with no clock driven by root clock pin: REGFILE1/regfile_reg[2][7]/C (HIGH)

 There is 1 register/latch pin with no clock driven by root clock pin: REGFILE1/regfile_reg[2][8]/C (HIGH)

 There is 1 register/latch pin with no clock driven by root clock pin: REGFILE1/regfile_reg[2][9]/C (HIGH)

 There are 28 register/latch pins with no clock driven by root clock pin: REGISTER2/data_out_reg[0]/C (HIGH)

 There are 34240 register/latch pins with no clock driven by root clock pin: dclock_15/dclk_reg/C (HIGH)


2. checking constant_clock
--------------------------
 There are 0 register/latch pins with constant_clock.


3. checking pulse_width_clock
-----------------------------
 There are 0 register/latch pins which need pulse_width check


4. checking unconstrained_internal_endpoints
--------------------------------------------
 There are 68483 pins that are not constrained for maximum delay. (HIGH)

 There are 0 pins that are not constrained for maximum delay due to constant clock.


5. checking no_input_delay
--------------------------
 There are 0 input ports with no input delay specified.

 There are 0 input ports with no input delay but user has a false path constraint.


6. checking no_output_delay
---------------------------
 There are 15 ports with no output delay specified. (HIGH)

 There are 0 ports with no output delay but user has a false path constraint

 There are 0 ports with no output delay but with a timing clock defined on it or propagating through it


7. checking multiple_clock
--------------------------
 There are 0 register/latch pins with multiple clocks.


8. checking generated_clocks
----------------------------
 There are 0 generated clocks that are not connected to a clock source.


9. checking loops
-----------------
 There are 0 combinational loops in the design.


10. checking partial_input_delay
--------------------------------
 There are 0 input ports with partial input delay specified.


11. checking partial_output_delay
---------------------------------
 There are 0 ports with partial output delay specified.


12. checking latch_loops
------------------------
 There are 0 combinational latch loops in the design through latch input



------------------------------------------------------------------------------------------------
| Design Timing Summary
| ---------------------
------------------------------------------------------------------------------------------------

    WNS(ns)      TNS(ns)  TNS Failing Endpoints  TNS Total Endpoints      WHS(ns)      THS(ns)  THS Failing Endpoints  THS Total Endpoints     WPWS(ns)     TPWS(ns)  TPWS Failing Endpoints  TPWS Total Endpoints  
    -------      -------  ---------------------  -------------------      -------      -------  ---------------------  -------------------     --------     --------  ----------------------  --------------------  
         NA           NA                     NA                   NA           NA           NA                     NA                   NA           NA           NA                      NA                    NA  


There are no user specified timing constraints.


------------------------------------------------------------------------------------------------
| Clock Summary
| -------------
------------------------------------------------------------------------------------------------


------------------------------------------------------------------------------------------------
| Intra Clock Table
| -----------------
------------------------------------------------------------------------------------------------

Clock             WNS(ns)      TNS(ns)  TNS Failing Endpoints  TNS Total Endpoints      WHS(ns)      THS(ns)  THS Failing Endpoints  THS Total Endpoints     WPWS(ns)     TPWS(ns)  TPWS Failing Endpoints  TPWS Total Endpoints  
-----             -------      -------  ---------------------  -------------------      -------      -------  ---------------------  -------------------     --------     --------  ----------------------  --------------------  


------------------------------------------------------------------------------------------------
| Inter Clock Table
| -----------------
------------------------------------------------------------------------------------------------

From Clock    To Clock          WNS(ns)      TNS(ns)  TNS Failing Endpoints  TNS Total Endpoints      WHS(ns)      THS(ns)  THS Failing Endpoints  THS Total Endpoints  
----------    --------          -------      -------  ---------------------  -------------------      -------      -------  ---------------------  -------------------  


------------------------------------------------------------------------------------------------
| Other Path Groups Table
| -----------------------
------------------------------------------------------------------------------------------------

Path Group    From Clock    To Clock          WNS(ns)      TNS(ns)  TNS Failing Endpoints  TNS Total Endpoints      WHS(ns)      THS(ns)  THS Failing Endpoints  THS Total Endpoints  
----------    ----------    --------          -------      -------  ---------------------  -------------------      -------      -------  ---------------------  -------------------  


------------------------------------------------------------------------------------------------
| Timing Details
| --------------
------------------------------------------------------------------------------------------------


